生成启动时间为 2014/3/6 23:28:47。
     1>项目“D:\pcp-2015\point-cloud-2015\point-cloud-2015\point-cloud-2015.vcxproj”在节点 2 上(Build 个目标)。
     1>InitializeBuildStatus:
         正在对“Debug\point-cloud-2015.unsuccessfulbuild”执行 Touch 任务。
       CustomBuild:
         所有输出均为最新。
       ClCompile:
         C:\Program Files (x86)\Microsoft Visual Studio 11.0\VC\bin\CL.exe /c /I.\GeneratedFiles /IC:\QT\5.2.1\5.2.1\msvc2012_64\include /I.\GeneratedFiles\Debug /IC:\QT\5.2.1\5.2.1\msvc2012_64\include\qtmain /IC:\QT\5.2.1\5.2.1\msvc2012_64\include\QtCore /IC:\QT\5.2.1\5.2.1\msvc2012_64\include\QtGui /IC:\QT\5.2.1\5.2.1\msvc2012_64\include\QtOpenGL /I. /IC:\QT\5.2.1\5.2.1\msvc2012_64\include\QtTest /ID:/boost_1_53_0/boost_include /I"C:/Program Files/TBB/include" /Zi /nologo /W1 /WX- /Od /Oy- /D UNICODE /D WIN32 /D WIN64 /D QT_DLL /D QT_CORE_LIB /D QT_GUI_LIB /D QT_OPENGL_LIB /D QT_WIDGETS_LIB /Gm- /EHsc /MDd /GS /fp:precise /Zc:wchar_t- /Zc:forScope /Fo"Debug\\" /Fd"Debug\vc110.pdb" /Gd /TP /analyze- /errorReport:prompt Algorithm\NormalSmoother.cpp Algorithm\Skeleton.cpp Algorithm\Skeletonization.cpp Algorithm\Upsampler.cpp Algorithm\WLOP.cpp calculationthread.cpp DataMgr.cpp GeneratedFiles\Debug\moc_dlg_normal_para.cpp GeneratedFiles\Debug\moc_dlg_skeleton_para.cpp GeneratedFiles\Debug\moc_dlg_upsampling_para.cpp GeneratedFiles\Debug\moc_dlg_wlop_para.cpp GeneratedFiles\Debug\moc_std_para_dlg.cpp GLArea.cpp GlobalFunction.cpp grid.cpp main.cpp mainwindow.cpp Parameter.cpp ParameterMgr.cpp trackball.cpp trackmode.cpp UI\dlg_normal_para.cpp UI\dlg_skeleton_para.cpp UI\dlg_upsampling_para.cpp UI\dlg_wlop_para.cpp UI\std_para_dlg.cpp
         NormalSmoother.cpp
     1>d:\pcp-2015\point-cloud-2015\point-cloud-2015\includelib\vcglib\vcg\math\deprecated_matrix44.h : warning C4819: 该文件包含不能在当前代码页(936)中表示的字符。请将该文件保存为 Unicode 格式以防止数据丢失
     1>D:\pcp-2015\point-cloud-2015\point-cloud-2015\IncludeLib\vcglib\vcg/complex/trimesh/update/color.h : warning C4819: 该文件包含不能在当前代码页(936)中表示的字符。请将该文件保存为 Unicode 格式以防止数据丢失
     1>D:\pcp-2015\point-cloud-2015\point-cloud-2015\IncludeLib\vcglib\vcg/simplex/face/distance.h : warning C4819: 该文件包含不能在当前代码页(936)中表示的字符。请将该文件保存为 Unicode 格式以防止数据丢失
     1>D:\pcp-2015\point-cloud-2015\point-cloud-2015\IncludeLib\vcglib\vcg/space/index/octree_template.h : warning C4819: 该文件包含不能在当前代码页(936)中表示的字符。请将该文件保存为 Unicode 格式以防止数据丢失
         Skeleton.cpp
     1>d:\pcp-2015\point-cloud-2015\point-cloud-2015\includelib\vcglib\vcg\math\deprecated_matrix44.h : warning C4819: 该文件包含不能在当前代码页(936)中表示的字符。请将该文件保存为 Unicode 格式以防止数据丢失
     1>D:\pcp-2015\point-cloud-2015\point-cloud-2015\IncludeLib\vcglib\vcg/complex/trimesh/update/color.h : warning C4819: 该文件包含不能在当前代码页(936)中表示的字符。请将该文件保存为 Unicode 格式以防止数据丢失
     1>D:\pcp-2015\point-cloud-2015\point-cloud-2015\IncludeLib\vcglib\vcg/simplex/face/distance.h : warning C4819: 该文件包含不能在当前代码页(936)中表示的字符。请将该文件保存为 Unicode 格式以防止数据丢失
         Skeletonization.cpp
     1>d:\pcp-2015\point-cloud-2015\point-cloud-2015\includelib\vcglib\vcg\math\deprecated_matrix44.h : warning C4819: 该文件包含不能在当前代码页(936)中表示的字符。请将该文件保存为 Unicode 格式以防止数据丢失
     1>D:\pcp-2015\point-cloud-2015\point-cloud-2015\IncludeLib\vcglib\vcg/complex/trimesh/update/color.h : warning C4819: 该文件包含不能在当前代码页(936)中表示的字符。请将该文件保存为 Unicode 格式以防止数据丢失
     1>D:\pcp-2015\point-cloud-2015\point-cloud-2015\IncludeLib\vcglib\vcg/simplex/face/distance.h : warning C4819: 该文件包含不能在当前代码页(936)中表示的字符。请将该文件保存为 Unicode 格式以防止数据丢失
         Upsampler.cpp
     1>d:\pcp-2015\point-cloud-2015\point-cloud-2015\includelib\vcglib\vcg\math\deprecated_matrix44.h : warning C4819: 该文件包含不能在当前代码页(936)中表示的字符。请将该文件保存为 Unicode 格式以防止数据丢失
     1>D:\pcp-2015\point-cloud-2015\point-cloud-2015\IncludeLib\vcglib\vcg/complex/trimesh/update/color.h : warning C4819: 该文件包含不能在当前代码页(936)中表示的字符。请将该文件保存为 Unicode 格式以防止数据丢失
     1>D:\pcp-2015\point-cloud-2015\point-cloud-2015\IncludeLib\vcglib\vcg/simplex/face/distance.h : warning C4819: 该文件包含不能在当前代码页(936)中表示的字符。请将该文件保存为 Unicode 格式以防止数据丢失
         WLOP.cpp
     1>d:\pcp-2015\point-cloud-2015\point-cloud-2015\includelib\vcglib\vcg\math\deprecated_matrix44.h : warning C4819: 该文件包含不能在当前代码页(936)中表示的字符。请将该文件保存为 Unicode 格式以防止数据丢失
     1>D:\pcp-2015\point-cloud-2015\point-cloud-2015\IncludeLib\vcglib\vcg/complex/trimesh/update/color.h : warning C4819: 该文件包含不能在当前代码页(936)中表示的字符。请将该文件保存为 Unicode 格式以防止数据丢失
     1>D:\pcp-2015\point-cloud-2015\point-cloud-2015\IncludeLib\vcglib\vcg/simplex/face/distance.h : warning C4819: 该文件包含不能在当前代码页(936)中表示的字符。请将该文件保存为 Unicode 格式以防止数据丢失
     1>D:\pcp-2015\point-cloud-2015\point-cloud-2015\IncludeLib\vcglib\vcg/space/index/octree_template.h : warning C4819: 该文件包含不能在当前代码页(936)中表示的字符。请将该文件保存为 Unicode 格式以防止数据丢失
         calculationthread.cpp
     1>d:\pcp-2015\point-cloud-2015\point-cloud-2015\includelib\vcglib\vcg\math\deprecated_matrix44.h : warning C4819: 该文件包含不能在当前代码页(936)中表示的字符。请将该文件保存为 Unicode 格式以防止数据丢失
     1>D:\pcp-2015\point-cloud-2015\point-cloud-2015\IncludeLib\vcglib\vcg/simplex/face/distance.h : warning C4819: 该文件包含不能在当前代码页(936)中表示的字符。请将该文件保存为 Unicode 格式以防止数据丢失
     1>D:\pcp-2015\point-cloud-2015\point-cloud-2015\IncludeLib\vcglib\vcg/complex/trimesh/update/color.h : warning C4819: 该文件包含不能在当前代码页(936)中表示的字符。请将该文件保存为 Unicode 格式以防止数据丢失
     1>D:\pcp-2015\point-cloud-2015\point-cloud-2015\IncludeLib\vcglib\vcg/space/index/octree_template.h : warning C4819: 该文件包含不能在当前代码页(936)中表示的字符。请将该文件保存为 Unicode 格式以防止数据丢失
         DataMgr.cpp
     1>d:\pcp-2015\point-cloud-2015\point-cloud-2015\includelib\vcglib\vcg\math\deprecated_matrix44.h : warning C4819: 该文件包含不能在当前代码页(936)中表示的字符。请将该文件保存为 Unicode 格式以防止数据丢失
     1>D:\pcp-2015\point-cloud-2015\point-cloud-2015\IncludeLib\vcglib\vcg/complex/trimesh/update/color.h : warning C4819: 该文件包含不能在当前代码页(936)中表示的字符。请将该文件保存为 Unicode 格式以防止数据丢失
     1>D:\pcp-2015\point-cloud-2015\point-cloud-2015\IncludeLib\vcglib\vcg/simplex/face/distance.h : warning C4819: 该文件包含不能在当前代码页(936)中表示的字符。请将该文件保存为 Unicode 格式以防止数据丢失
         moc_dlg_normal_para.cpp
     1>d:\pcp-2015\point-cloud-2015\point-cloud-2015\includelib\vcglib\vcg\math\deprecated_matrix44.h : warning C4819: 该文件包含不能在当前代码页(936)中表示的字符。请将该文件保存为 Unicode 格式以防止数据丢失
     1>D:\pcp-2015\point-cloud-2015\point-cloud-2015\IncludeLib\vcglib\vcg/simplex/face/distance.h : warning C4819: 该文件包含不能在当前代码页(936)中表示的字符。请将该文件保存为 Unicode 格式以防止数据丢失
     1>D:\pcp-2015\point-cloud-2015\point-cloud-2015\IncludeLib\vcglib\vcg/complex/trimesh/update/color.h : warning C4819: 该文件包含不能在当前代码页(936)中表示的字符。请将该文件保存为 Unicode 格式以防止数据丢失
     1>D:\pcp-2015\point-cloud-2015\point-cloud-2015\IncludeLib\vcglib\vcg/space/index/octree_template.h : warning C4819: 该文件包含不能在当前代码页(936)中表示的字符。请将该文件保存为 Unicode 格式以防止数据丢失
         moc_dlg_skeleton_para.cpp
     1>d:\pcp-2015\point-cloud-2015\point-cloud-2015\includelib\vcglib\vcg\math\deprecated_matrix44.h : warning C4819: 该文件包含不能在当前代码页(936)中表示的字符。请将该文件保存为 Unicode 格式以防止数据丢失
     1>D:\pcp-2015\point-cloud-2015\point-cloud-2015\IncludeLib\vcglib\vcg/simplex/face/distance.h : warning C4819: 该文件包含不能在当前代码页(936)中表示的字符。请将该文件保存为 Unicode 格式以防止数据丢失
     1>D:\pcp-2015\point-cloud-2015\point-cloud-2015\IncludeLib\vcglib\vcg/complex/trimesh/update/color.h : warning C4819: 该文件包含不能在当前代码页(936)中表示的字符。请将该文件保存为 Unicode 格式以防止数据丢失
     1>D:\pcp-2015\point-cloud-2015\point-cloud-2015\IncludeLib\vcglib\vcg/space/index/octree_template.h : warning C4819: 该文件包含不能在当前代码页(936)中表示的字符。请将该文件保存为 Unicode 格式以防止数据丢失
         moc_dlg_upsampling_para.cpp
     1>d:\pcp-2015\point-cloud-2015\point-cloud-2015\includelib\vcglib\vcg\math\deprecated_matrix44.h : warning C4819: 该文件包含不能在当前代码页(936)中表示的字符。请将该文件保存为 Unicode 格式以防止数据丢失
     1>D:\pcp-2015\point-cloud-2015\point-cloud-2015\IncludeLib\vcglib\vcg/simplex/face/distance.h : warning C4819: 该文件包含不能在当前代码页(936)中表示的字符。请将该文件保存为 Unicode 格式以防止数据丢失
     1>D:\pcp-2015\point-cloud-2015\point-cloud-2015\IncludeLib\vcglib\vcg/complex/trimesh/update/color.h : warning C4819: 该文件包含不能在当前代码页(936)中表示的字符。请将该文件保存为 Unicode 格式以防止数据丢失
     1>D:\pcp-2015\point-cloud-2015\point-cloud-2015\IncludeLib\vcglib\vcg/space/index/octree_template.h : warning C4819: 该文件包含不能在当前代码页(936)中表示的字符。请将该文件保存为 Unicode 格式以防止数据丢失
         moc_dlg_wlop_para.cpp
     1>d:\pcp-2015\point-cloud-2015\point-cloud-2015\includelib\vcglib\vcg\math\deprecated_matrix44.h : warning C4819: 该文件包含不能在当前代码页(936)中表示的字符。请将该文件保存为 Unicode 格式以防止数据丢失
     1>D:\pcp-2015\point-cloud-2015\point-cloud-2015\IncludeLib\vcglib\vcg/simplex/face/distance.h : warning C4819: 该文件包含不能在当前代码页(936)中表示的字符。请将该文件保存为 Unicode 格式以防止数据丢失
     1>D:\pcp-2015\point-cloud-2015\point-cloud-2015\IncludeLib\vcglib\vcg/complex/trimesh/update/color.h : warning C4819: 该文件包含不能在当前代码页(936)中表示的字符。请将该文件保存为 Unicode 格式以防止数据丢失
     1>D:\pcp-2015\point-cloud-2015\point-cloud-2015\IncludeLib\vcglib\vcg/space/index/octree_template.h : warning C4819: 该文件包含不能在当前代码页(936)中表示的字符。请将该文件保存为 Unicode 格式以防止数据丢失
         moc_std_para_dlg.cpp
     1>d:\pcp-2015\point-cloud-2015\point-cloud-2015\includelib\vcglib\vcg\math\deprecated_matrix44.h : warning C4819: 该文件包含不能在当前代码页(936)中表示的字符。请将该文件保存为 Unicode 格式以防止数据丢失
     1>D:\pcp-2015\point-cloud-2015\point-cloud-2015\IncludeLib\vcglib\vcg/simplex/face/distance.h : warning C4819: 该文件包含不能在当前代码页(936)中表示的字符。请将该文件保存为 Unicode 格式以防止数据丢失
     1>D:\pcp-2015\point-cloud-2015\point-cloud-2015\IncludeLib\vcglib\vcg/complex/trimesh/update/color.h : warning C4819: 该文件包含不能在当前代码页(936)中表示的字符。请将该文件保存为 Unicode 格式以防止数据丢失
     1>D:\pcp-2015\point-cloud-2015\point-cloud-2015\IncludeLib\vcglib\vcg/space/index/octree_template.h : warning C4819: 该文件包含不能在当前代码页(936)中表示的字符。请将该文件保存为 Unicode 格式以防止数据丢失
         GLArea.cpp
     1>d:\pcp-2015\point-cloud-2015\point-cloud-2015\includelib\vcglib\vcg\math\deprecated_matrix44.h : warning C4819: 该文件包含不能在当前代码页(936)中表示的字符。请将该文件保存为 Unicode 格式以防止数据丢失
     1>D:\pcp-2015\point-cloud-2015\point-cloud-2015\IncludeLib\vcglib\vcg/simplex/face/distance.h : warning C4819: 该文件包含不能在当前代码页(936)中表示的字符。请将该文件保存为 Unicode 格式以防止数据丢失
     1>D:\pcp-2015\point-cloud-2015\point-cloud-2015\IncludeLib\vcglib\vcg/complex/trimesh/update/color.h : warning C4819: 该文件包含不能在当前代码页(936)中表示的字符。请将该文件保存为 Unicode 格式以防止数据丢失
     1>D:\pcp-2015\point-cloud-2015\point-cloud-2015\IncludeLib\vcglib\vcg/space/index/octree_template.h : warning C4819: 该文件包含不能在当前代码页(936)中表示的字符。请将该文件保存为 Unicode 格式以防止数据丢失
     1>GLArea.cpp(610): error C2653: “QColorDialog”: 不是类或命名空间名称
     1>GLArea.cpp(610): error C3861: “getColor”: 找不到标识符
     1>GLArea.cpp(806): error C2039: “numBytes”: 不是“QImage”的成员
                 C:\QT\5.2.1\5.2.1\msvc2012_64\include\QtGui/qimage.h(92) : 参见“QImage”的声明
         GlobalFunction.cpp
     1>d:\pcp-2015\point-cloud-2015\point-cloud-2015\includelib\vcglib\vcg\math\deprecated_matrix44.h : warning C4819: 该文件包含不能在当前代码页(936)中表示的字符。请将该文件保存为 Unicode 格式以防止数据丢失
     1>D:\pcp-2015\point-cloud-2015\point-cloud-2015\IncludeLib\vcglib\vcg/complex/trimesh/update/color.h : warning C4819: 该文件包含不能在当前代码页(936)中表示的字符。请将该文件保存为 Unicode 格式以防止数据丢失
     1>D:\pcp-2015\point-cloud-2015\point-cloud-2015\IncludeLib\vcglib\vcg/simplex/face/distance.h : warning C4819: 该文件包含不能在当前代码页(936)中表示的字符。请将该文件保存为 Unicode 格式以防止数据丢失
         grid.cpp
     1>d:\pcp-2015\point-cloud-2015\point-cloud-2015\includelib\vcglib\vcg\math\deprecated_matrix44.h : warning C4819: 该文件包含不能在当前代码页(936)中表示的字符。请将该文件保存为 Unicode 格式以防止数据丢失
     1>D:\pcp-2015\point-cloud-2015\point-cloud-2015\IncludeLib\vcglib\vcg/complex/trimesh/update/color.h : warning C4819: 该文件包含不能在当前代码页(936)中表示的字符。请将该文件保存为 Unicode 格式以防止数据丢失
     1>D:\pcp-2015\point-cloud-2015\point-cloud-2015\IncludeLib\vcglib\vcg/simplex/face/distance.h : warning C4819: 该文件包含不能在当前代码页(936)中表示的字符。请将该文件保存为 Unicode 格式以防止数据丢失
         main.cpp
     1>d:\pcp-2015\point-cloud-2015\point-cloud-2015\includelib\vcglib\vcg\math\deprecated_matrix44.h : warning C4819: 该文件包含不能在当前代码页(936)中表示的字符。请将该文件保存为 Unicode 格式以防止数据丢失
     1>D:\pcp-2015\point-cloud-2015\point-cloud-2015\IncludeLib\vcglib\vcg/space/index/octree_template.h : warning C4819: 该文件包含不能在当前代码页(936)中表示的字符。请将该文件保存为 Unicode 格式以防止数据丢失
     1>D:\pcp-2015\point-cloud-2015\point-cloud-2015\IncludeLib\vcglib\vcg/simplex/face/distance.h : warning C4819: 该文件包含不能在当前代码页(936)中表示的字符。请将该文件保存为 Unicode 格式以防止数据丢失
     1>D:\pcp-2015\point-cloud-2015\point-cloud-2015\IncludeLib\vcglib\vcg/complex/trimesh/update/color.h : warning C4819: 该文件包含不能在当前代码页(936)中表示的字符。请将该文件保存为 Unicode 格式以防止数据丢失
     1>main.cpp(10): error C2653: “QStyleFactory”: 不是类或命名空间名称
     1>main.cpp(10): error C3861: “create”: 找不到标识符
         mainwindow.cpp
     1>d:\pcp-2015\point-cloud-2015\point-cloud-2015\includelib\vcglib\vcg\math\deprecated_matrix44.h : warning C4819: 该文件包含不能在当前代码页(936)中表示的字符。请将该文件保存为 Unicode 格式以防止数据丢失
     1>D:\pcp-2015\point-cloud-2015\point-cloud-2015\IncludeLib\vcglib\vcg/space/index/octree_template.h : warning C4819: 该文件包含不能在当前代码页(936)中表示的字符。请将该文件保存为 Unicode 格式以防止数据丢失
     1>D:\pcp-2015\point-cloud-2015\point-cloud-2015\IncludeLib\vcglib\vcg/simplex/face/distance.h : warning C4819: 该文件包含不能在当前代码页(936)中表示的字符。请将该文件保存为 Unicode 格式以防止数据丢失
     1>D:\pcp-2015\point-cloud-2015\point-cloud-2015\IncludeLib\vcglib\vcg/complex/trimesh/update/color.h : warning C4819: 该文件包含不能在当前代码页(936)中表示的字符。请将该文件保存为 Unicode 格式以防止数据丢失
     1>mainwindow.cpp(352): error C2653: “QFileDialog”: 不是类或命名空间名称
     1>mainwindow.cpp(352): error C3861: “getOpenFileName”: 找不到标识符
     1>mainwindow.cpp(362): error C2653: “QFileDialog”: 不是类或命名空间名称
     1>mainwindow.cpp(362): error C3861: “getOpenFileName”: 找不到标识符
     1>mainwindow.cpp(372): error C2653: “QFileDialog”: 不是类或命名空间名称
     1>mainwindow.cpp(372): error C3861: “getSaveFileName”: 找不到标识符
     1>mainwindow.cpp(468): error C2653: “QFileDialog”: 不是类或命名空间名称
     1>mainwindow.cpp(468): error C3861: “getSaveFileName”: 找不到标识符
     1>mainwindow.cpp(475): error C2653: “QFileDialog”: 不是类或命名空间名称
     1>mainwindow.cpp(475): error C3861: “getSaveFileName”: 找不到标识符
         Parameter.cpp
     1>d:\pcp-2015\point-cloud-2015\point-cloud-2015\includelib\vcglib\vcg\math\deprecated_matrix44.h : warning C4819: 该文件包含不能在当前代码页(936)中表示的字符。请将该文件保存为 Unicode 格式以防止数据丢失
     1>D:\pcp-2015\point-cloud-2015\point-cloud-2015\IncludeLib\vcglib\vcg/complex/trimesh/update/color.h : warning C4819: 该文件包含不能在当前代码页(936)中表示的字符。请将该文件保存为 Unicode 格式以防止数据丢失
     1>D:\pcp-2015\point-cloud-2015\point-cloud-2015\IncludeLib\vcglib\vcg/simplex/face/distance.h : warning C4819: 该文件包含不能在当前代码页(936)中表示的字符。请将该文件保存为 Unicode 格式以防止数据丢失
         ParameterMgr.cpp
     1>d:\pcp-2015\point-cloud-2015\point-cloud-2015\includelib\vcglib\vcg\math\deprecated_matrix44.h : warning C4819: 该文件包含不能在当前代码页(936)中表示的字符。请将该文件保存为 Unicode 格式以防止数据丢失
     1>D:\pcp-2015\point-cloud-2015\point-cloud-2015\IncludeLib\vcglib\vcg/complex/trimesh/update/color.h : warning C4819: 该文件包含不能在当前代码页(936)中表示的字符。请将该文件保存为 Unicode 格式以防止数据丢失
     1>D:\pcp-2015\point-cloud-2015\point-cloud-2015\IncludeLib\vcglib\vcg/simplex/face/distance.h : warning C4819: 该文件包含不能在当前代码页(936)中表示的字符。请将该文件保存为 Unicode 格式以防止数据丢失
         trackball.cpp
     1>d:\pcp-2015\point-cloud-2015\point-cloud-2015\includelib\vcglib\vcg\math\deprecated_matrix44.h : warning C4819: 该文件包含不能在当前代码页(936)中表示的字符。请将该文件保存为 Unicode 格式以防止数据丢失
         正在生成代码...
     1>d:\pcp-2015\point-cloud-2015\point-cloud-2015\algorithm\skeleton.cpp(84): warning C4715: “Branch::getNodeLengthEulerDistSquare”: 不是所有的控件路径都返回值
     1>d:\pcp-2015\point-cloud-2015\point-cloud-2015\algorithm\skeleton.cpp(66): warning C4715: “Branch::getNodeLengthEulerDist”: 不是所有的控件路径都返回值
         正在编译...
         trackmode.cpp
     1>d:\pcp-2015\point-cloud-2015\point-cloud-2015\includelib\vcglib\vcg\math\deprecated_matrix44.h : warning C4819: 该文件包含不能在当前代码页(936)中表示的字符。请将该文件保存为 Unicode 格式以防止数据丢失
         dlg_normal_para.cpp
     1>d:\pcp-2015\point-cloud-2015\point-cloud-2015\includelib\vcglib\vcg\math\deprecated_matrix44.h : warning C4819: 该文件包含不能在当前代码页(936)中表示的字符。请将该文件保存为 Unicode 格式以防止数据丢失
     1>D:\pcp-2015\point-cloud-2015\point-cloud-2015\IncludeLib\vcglib\vcg/simplex/face/distance.h : warning C4819: 该文件包含不能在当前代码页(936)中表示的字符。请将该文件保存为 Unicode 格式以防止数据丢失
     1>D:\pcp-2015\point-cloud-2015\point-cloud-2015\IncludeLib\vcglib\vcg/complex/trimesh/update/color.h : warning C4819: 该文件包含不能在当前代码页(936)中表示的字符。请将该文件保存为 Unicode 格式以防止数据丢失
     1>D:\pcp-2015\point-cloud-2015\point-cloud-2015\IncludeLib\vcglib\vcg/space/index/octree_template.h : warning C4819: 该文件包含不能在当前代码页(936)中表示的字符。请将该文件保存为 Unicode 格式以防止数据丢失
         dlg_skeleton_para.cpp
     1>d:\pcp-2015\point-cloud-2015\point-cloud-2015\includelib\vcglib\vcg\math\deprecated_matrix44.h : warning C4819: 该文件包含不能在当前代码页(936)中表示的字符。请将该文件保存为 Unicode 格式以防止数据丢失
     1>D:\pcp-2015\point-cloud-2015\point-cloud-2015\IncludeLib\vcglib\vcg/simplex/face/distance.h : warning C4819: 该文件包含不能在当前代码页(936)中表示的字符。请将该文件保存为 Unicode 格式以防止数据丢失
     1>D:\pcp-2015\point-cloud-2015\point-cloud-2015\IncludeLib\vcglib\vcg/complex/trimesh/update/color.h : warning C4819: 该文件包含不能在当前代码页(936)中表示的字符。请将该文件保存为 Unicode 格式以防止数据丢失
     1>D:\pcp-2015\point-cloud-2015\point-cloud-2015\IncludeLib\vcglib\vcg/space/index/octree_template.h : warning C4819: 该文件包含不能在当前代码页(936)中表示的字符。请将该文件保存为 Unicode 格式以防止数据丢失
         dlg_upsampling_para.cpp
     1>d:\pcp-2015\point-cloud-2015\point-cloud-2015\includelib\vcglib\vcg\math\deprecated_matrix44.h : warning C4819: 该文件包含不能在当前代码页(936)中表示的字符。请将该文件保存为 Unicode 格式以防止数据丢失
     1>D:\pcp-2015\point-cloud-2015\point-cloud-2015\IncludeLib\vcglib\vcg/simplex/face/distance.h : warning C4819: 该文件包含不能在当前代码页(936)中表示的字符。请将该文件保存为 Unicode 格式以防止数据丢失
     1>D:\pcp-2015\point-cloud-2015\point-cloud-2015\IncludeLib\vcglib\vcg/complex/trimesh/update/color.h : warning C4819: 该文件包含不能在当前代码页(936)中表示的字符。请将该文件保存为 Unicode 格式以防止数据丢失
     1>D:\pcp-2015\point-cloud-2015\point-cloud-2015\IncludeLib\vcglib\vcg/space/index/octree_template.h : warning C4819: 该文件包含不能在当前代码页(936)中表示的字符。请将该文件保存为 Unicode 格式以防止数据丢失
         dlg_wlop_para.cpp
     1>d:\pcp-2015\point-cloud-2015\point-cloud-2015\includelib\vcglib\vcg\math\deprecated_matrix44.h : warning C4819: 该文件包含不能在当前代码页(936)中表示的字符。请将该文件保存为 Unicode 格式以防止数据丢失
     1>D:\pcp-2015\point-cloud-2015\point-cloud-2015\IncludeLib\vcglib\vcg/simplex/face/distance.h : warning C4819: 该文件包含不能在当前代码页(936)中表示的字符。请将该文件保存为 Unicode 格式以防止数据丢失
     1>D:\pcp-2015\point-cloud-2015\point-cloud-2015\IncludeLib\vcglib\vcg/complex/trimesh/update/color.h : warning C4819: 该文件包含不能在当前代码页(936)中表示的字符。请将该文件保存为 Unicode 格式以防止数据丢失
     1>D:\pcp-2015\point-cloud-2015\point-cloud-2015\IncludeLib\vcglib\vcg/space/index/octree_template.h : warning C4819: 该文件包含不能在当前代码页(936)中表示的字符。请将该文件保存为 Unicode 格式以防止数据丢失
         std_para_dlg.cpp
     1>d:\pcp-2015\point-cloud-2015\point-cloud-2015\includelib\vcglib\vcg\math\deprecated_matrix44.h : warning C4819: 该文件包含不能在当前代码页(936)中表示的字符。请将该文件保存为 Unicode 格式以防止数据丢失
     1>D:\pcp-2015\point-cloud-2015\point-cloud-2015\IncludeLib\vcglib\vcg/simplex/face/distance.h : warning C4819: 该文件包含不能在当前代码页(936)中表示的字符。请将该文件保存为 Unicode 格式以防止数据丢失
     1>D:\pcp-2015\point-cloud-2015\point-cloud-2015\IncludeLib\vcglib\vcg/complex/trimesh/update/color.h : warning C4819: 该文件包含不能在当前代码页(936)中表示的字符。请将该文件保存为 Unicode 格式以防止数据丢失
     1>D:\pcp-2015\point-cloud-2015\point-cloud-2015\IncludeLib\vcglib\vcg/space/index/octree_template.h : warning C4819: 该文件包含不能在当前代码页(936)中表示的字符。请将该文件保存为 Unicode 格式以防止数据丢失
         正在生成代码...
     1>已完成生成项目“D:\pcp-2015\point-cloud-2015\point-cloud-2015\point-cloud-2015.vcxproj”(Build 个目标)的操作 - 失败。

生成失败。

已用时间 00:01:06.89
